TN:
SF:src\domain\models\error-event.model.ts
FN:51,(anonymous_0)
FNF:1
FNH:1
FNDA:3,(anonymous_0)
DA:51,3
DA:53,3
DA:54,3
DA:55,3
DA:56,3
DA:59,3
DA:60,3
DA:61,3
DA:64,3
DA:65,3
DA:68,3
DA:69,3
DA:70,3
DA:73,3
LF:14
LH:14
BRDA:51,0,0,3
BRDA:51,0,1,3
BRF:2
BRH:2
end_of_record
TN:
SF:src\domain\models\index.ts
FN:6,(anonymous_0)
FN:13,(anonymous_1)
FN:21,(anonymous_2)
FNF:3
FNH:1
FNDA:1081,(anonymous_0)
FNDA:0,(anonymous_1)
FNDA:0,(anonymous_2)
DA:2,3
DA:6,1084
DA:10,3
DA:13,3
DA:17,3
DA:21,3
LF:6
LH:6
BRF:0
BRH:0
end_of_record
TN:
SF:src\domain\models\order-event.model.ts
FN:81,(anonymous_0)
FNF:1
FNH:1
FNDA:3,(anonymous_0)
DA:81,3
DA:82,3
DA:83,3
DA:84,3
DA:85,3
LF:5
LH:5
BRDA:81,0,0,3
BRDA:81,0,1,3
BRF:2
BRH:2
end_of_record
TN:
SF:src\domain\models\partner-input.model.ts
FN:50,(anonymous_0)
FNF:1
FNH:1
FNDA:3,(anonymous_0)
DA:50,3
DA:51,3
DA:52,3
LF:3
LH:3
BRDA:50,0,0,3
BRDA:50,0,1,3
BRF:2
BRH:2
end_of_record
TN:
SF:src\domain\ports\index.ts
FN:3,(anonymous_0)
FN:8,(anonymous_1)
FNF:2
FNH:1
FNDA:0,(anonymous_0)
FNDA:1029,(anonymous_1)
DA:1,1
DA:3,1
DA:8,1030
LF:3
LH:3
BRF:0
BRH:0
end_of_record
TN:
SF:src\domain\ports\order-stream.port.ts
FN:4,(anonymous_0)
FN:9,(anonymous_1)
FNF:2
FNH:2
FNDA:1029,(anonymous_0)
FNDA:1,(anonymous_1)
DA:4,1030
DA:9,1
DA:10,1
DA:11,1
LF:4
LH:4
BRDA:9,0,0,1
BRDA:9,0,1,1
BRF:2
BRH:2
end_of_record
TN:
SF:src\domain\services\base-validator.ts
FN:6,(anonymous_0)
FN:17,(anonymous_1)
FN:24,(anonymous_2)
FN:41,(anonymous_3)
FN:48,(anonymous_4)
FN:78,(anonymous_5)
FN:109,(anonymous_6)
FN:150,(anonymous_7)
FN:160,(anonymous_8)
FN:194,(anonymous_9)
FN:225,(anonymous_10)
FN:258,(anonymous_11)
FN:269,(anonymous_12)
FNF:13
FNH:12
FNDA:80,(anonymous_0)
FNDA:74,(anonymous_1)
FNDA:73,(anonymous_2)
FNDA:437,(anonymous_3)
FNDA:469,(anonymous_4)
FNDA:150,(anonymous_5)
FNDA:50,(anonymous_6)
FNDA:0,(anonymous_7)
FNDA:26,(anonymous_8)
FNDA:24,(anonymous_9)
FNDA:50,(anonymous_10)
FNDA:20,(anonymous_11)
FNDA:54,(anonymous_12)
DA:6,3
DA:7,80
DA:18,74
DA:30,73
DA:42,437
DA:52,469
DA:53,32
DA:59,32
DA:62,437
DA:63,4
DA:69,4
DA:72,433
DA:83,150
DA:84,2
DA:90,2
DA:93,148
DA:94,3
DA:100,3
DA:103,145
DA:114,50
DA:115,1
DA:121,1
DA:124,49
DA:125,4
DA:131,4
DA:134,45
DA:135,0
DA:141,0
DA:144,45
DA:154,0
DA:164,26
DA:165,1
DA:171,1
DA:175,25
DA:176,25
DA:178,25
DA:179,1
DA:185,1
DA:188,24
DA:198,24
DA:199,1
DA:205,1
DA:208,23
DA:209,23
DA:210,2
DA:216,2
DA:219,21
DA:230,50
DA:231,0
DA:237,0
DA:240,50
DA:242,50
DA:243,4
DA:249,4
DA:252,46
DA:259,20
DA:270,54
LF:57
LH:52
BRDA:42,0,0,437
BRDA:42,0,1,433
BRDA:52,1,0,32
BRDA:62,2,0,4
BRDA:81,3,0,150
BRDA:83,4,0,2
BRDA:93,5,0,3
BRDA:112,6,0,50
BRDA:114,7,0,1
BRDA:114,8,0,50
BRDA:114,8,1,49
BRDA:124,9,0,4
BRDA:124,10,0,49
BRDA:124,10,1,49
BRDA:134,11,0,0
BRDA:134,12,0,45
BRDA:134,12,1,0
BRDA:164,13,0,1
BRDA:164,14,0,26
BRDA:164,14,1,25
BRDA:178,15,0,1
BRDA:178,16,0,25
BRDA:178,16,1,24
BRDA:198,17,0,1
BRDA:209,18,0,2
BRDA:228,19,0,0
BRDA:230,20,0,0
BRDA:230,21,0,50
BRDA:230,21,1,50
BRDA:240,22,0,24
BRDA:240,22,1,26
BRDA:242,23,0,4
BRDA:242,24,0,50
BRDA:242,24,1,48
BRDA:247,25,0,2
BRDA:247,25,1,2
BRF:36
BRH:32
end_of_record
TN:
SF:src\domain\services\order-transformer.ts
FN:29,(anonymous_0)
FN:56,(anonymous_1)
FN:78,(anonymous_2)
FN:108,(anonymous_3)
FN:116,(anonymous_4)
FN:124,(anonymous_5)
FN:144,(anonymous_6)
FN:151,(anonymous_7)
FN:158,(anonymous_8)
FN:165,(anonymous_9)
FN:172,(anonymous_10)
FN:179,(anonymous_11)
FN:186,(anonymous_12)
FNF:13
FNH:13
FNDA:19,(anonymous_0)
FNDA:10,(anonymous_1)
FNDA:29,(anonymous_2)
FNDA:19,(anonymous_3)
FNDA:10,(anonymous_4)
FNDA:3,(anonymous_5)
FNDA:19,(anonymous_6)
FNDA:10,(anonymous_7)
FNDA:10,(anonymous_8)
FNDA:29,(anonymous_9)
FNDA:29,(anonymous_10)
FNDA:29,(anonymous_11)
FNDA:116,(anonymous_12)
DA:1,1
DA:2,1
DA:21,1
DA:30,19
DA:57,10
DA:82,29
DA:83,29
DA:84,29
DA:86,29
DA:109,19
DA:110,19
DA:117,10
DA:118,10
DA:129,3
DA:131,1
DA:133,1
DA:135,1
DA:145,19
DA:152,10
DA:159,10
DA:166,29
DA:173,29
DA:180,29
DA:187,116
LF:24
LH:24
BRDA:66,0,0,1
BRDA:66,0,1,9
BRDA:129,1,0,1
BRDA:129,1,1,1
BRDA:129,1,2,1
BRF:5
BRH:5
end_of_record
TN:
SF:src\domain\services\partner-a-validator.ts
FN:21,(anonymous_0)
FN:88,(anonymous_1)
FNF:2
FNH:2
FNDA:39,(anonymous_0)
FNDA:26,(anonymous_1)
DA:2,2
DA:17,2
DA:22,39
DA:25,39
DA:26,4
DA:27,4
DA:30,35
DA:33,35
DA:34,35
DA:35,35
DA:36,35
DA:37,35
DA:38,35
DA:39,35
DA:42,35
DA:44,9
DA:48,26
DA:49,26
DA:50,26
DA:51,26
DA:52,26
DA:53,26
DA:54,26
DA:57,26
DA:59,15
DA:63,11
DA:64,2
DA:65,1
DA:66,1
DA:71,10
DA:82,10
DA:89,26
DA:90,2
DA:96,2
DA:99,24
DA:100,1
DA:106,1
DA:109,23
DA:110,2
DA:116,2
DA:119,21
LF:41
LH:41
BRDA:25,0,0,4
BRDA:25,1,0,39
BRDA:25,1,1,37
BRDA:25,1,2,36
BRDA:42,2,0,9
BRDA:42,3,0,35
BRDA:42,3,1,33
BRDA:42,3,2,29
BRDA:42,3,3,28
BRDA:42,3,4,26
BRDA:42,3,5,26
BRDA:42,3,6,26
BRDA:57,4,0,15
BRDA:57,5,0,26
BRDA:57,5,1,23
BRDA:57,5,2,23
BRDA:57,5,3,23
BRDA:57,5,4,18
BRDA:57,5,5,15
BRDA:57,5,6,13
BRDA:63,6,0,2
BRDA:63,7,0,11
BRDA:63,7,1,2
BRDA:64,8,0,1
BRDA:64,9,0,2
BRDA:64,9,1,2
BRDA:79,10,0,10
BRDA:79,10,1,1
BRDA:89,11,0,2
BRDA:89,12,0,26
BRDA:89,12,1,25
BRDA:99,13,0,1
BRDA:109,14,0,2
BRF:33
BRH:33
end_of_record
TN:
SF:src\domain\services\partner-b-validator.ts
FN:21,(anonymous_0)
FN:88,(anonymous_1)
FNF:2
FNH:2
FNDA:35,(anonymous_0)
FNDA:24,(anonymous_1)
DA:2,2
DA:17,2
DA:22,35
DA:25,35
DA:26,3
DA:27,3
DA:30,32
DA:33,32
DA:34,32
DA:35,32
DA:36,32
DA:37,32
DA:38,32
DA:39,32
DA:42,32
DA:44,8
DA:48,24
DA:49,24
DA:50,24
DA:51,24
DA:52,24
DA:53,24
DA:54,24
DA:57,24
DA:59,13
DA:63,11
DA:64,2
DA:65,1
DA:66,1
DA:71,10
DA:82,10
DA:89,24
DA:90,1
DA:96,1
DA:99,23
DA:100,1
DA:106,1
DA:109,22
DA:110,2
DA:116,2
DA:119,20
LF:41
LH:41
BRDA:25,0,0,3
BRDA:25,1,0,35
BRDA:25,1,1,33
BRDA:25,1,2,33
BRDA:42,2,0,8
BRDA:42,3,0,32
BRDA:42,3,1,30
BRDA:42,3,2,28
BRDA:42,3,3,27
BRDA:42,3,4,25
BRDA:42,3,5,25
BRDA:42,3,6,25
BRDA:57,4,0,13
BRDA:57,5,0,24
BRDA:57,5,1,22
BRDA:57,5,2,22
BRDA:57,5,3,22
BRDA:57,5,4,18
BRDA:57,5,5,16
BRDA:57,5,6,14
BRDA:63,6,0,2
BRDA:63,7,0,11
BRDA:63,7,1,2
BRDA:64,8,0,1
BRDA:79,9,0,10
BRDA:79,9,1,1
BRDA:89,10,0,1
BRDA:89,11,0,24
BRDA:89,11,1,23
BRDA:99,12,0,1
BRDA:109,13,0,2
BRF:31
BRH:31
end_of_record
TN:
SF:src\domain\services\validation-service.ts
FN:20,(anonymous_0)
FN:28,(anonymous_1)
FN:35,(anonymous_2)
FN:42,(anonymous_3)
FN:67,(anonymous_4)
FN:71,(anonymous_5)
FNF:6
FNH:6
FNDA:9,(anonymous_0)
FNDA:6,(anonymous_1)
FNDA:3,(anonymous_2)
FNDA:6,(anonymous_3)
FNDA:2,(anonymous_4)
FNDA:3,(anonymous_5)
DA:1,1
DA:7,1
DA:8,1
DA:16,1
DA:21,9
DA:22,9
DA:29,6
DA:36,3
DA:46,6
DA:48,4
DA:50,1
DA:52,1
DA:71,3
LF:13
LH:13
BRDA:46,0,0,4
BRDA:46,0,1,1
BRDA:46,0,2,1
BRF:3
BRH:3
end_of_record
TN:
SF:src\infrastructure\adapters\in-memory-sequence-manager.ts
FN:8,(anonymous_0)
FN:15,(anonymous_1)
FN:26,(anonymous_2)
FN:33,(anonymous_3)
FN:40,(anonymous_4)
FNF:5
FNH:5
FNDA:8,(anonymous_0)
FNDA:1021,(anonymous_1)
FNDA:7,(anonymous_2)
FNDA:1,(anonymous_3)
FNDA:1,(anonymous_4)
DA:8,1
DA:9,8
DA:16,1021
DA:17,1021
DA:18,1021
DA:19,1021
DA:27,7
DA:34,1
DA:41,1
LF:9
LH:9
BRDA:16,0,0,1021
BRDA:16,0,1,13
BRDA:27,1,0,7
BRDA:27,1,1,4
BRF:4
BRH:4
end_of_record
