TN:
SF:src\app.ts
FN:22,createContainer
FN:51,createApp
FN:59,(anonymous_3)
FN:76,startServer
FN:81,(anonymous_5)
FN:85,(anonymous_6)
FN:89,(anonymous_7)
FNF:7
FNH:3
FNDA:15,createContainer
FNDA:15,createApp
FNDA:1,(anonymous_3)
FNDA:0,startServer
FNDA:0,(anonymous_5)
FNDA:0,(anonymous_6)
FNDA:0,(anonymous_7)
DA:1,1
DA:2,1
DA:3,1
DA:4,1
DA:5,1
DA:6,1
DA:22,1
DA:24,15
DA:25,15
DA:28,15
DA:29,15
DA:32,15
DA:39,15
DA:51,1
DA:52,15
DA:53,15
DA:56,15
DA:59,15
DA:60,1
DA:64,15
DA:67,15
DA:68,15
DA:70,15
DA:76,1
DA:77,0
DA:78,0
DA:81,0
DA:82,0
DA:85,0
DA:86,0
DA:89,0
DA:90,0
DA:91,0
DA:92,0
DA:93,0
DA:98,1
DA:99,0
DA:100,0
LF:38
LH:25
BRDA:53,0,0,15
BRDA:53,0,1,0
BRDA:76,1,0,0
BRDA:98,2,0,0
BRDA:99,3,0,0
BRDA:99,3,1,0
BRF:6
BRH:1
end_of_record
TN:
SF:src\application\services\feed-handler.ts
FN:21,formatValidationErrors
FN:22,(anonymous_1)
FN:37,(anonymous_2)
FN:47,(anonymous_3)
FN:98,(anonymous_4)
FN:150,(anonymous_5)
FN:151,(anonymous_6)
FN:158,(anonymous_7)
FN:159,(anonymous_8)
FNF:9
FNH:9
FNDA:13,formatValidationErrors
FNDA:13,(anonymous_1)
FNDA:35,(anonymous_2)
FNDA:37,(anonymous_3)
FNDA:13,(anonymous_4)
FNDA:5,(anonymous_5)
FNDA:14,(anonymous_6)
FNDA:2,(anonymous_7)
FNDA:4,(anonymous_8)
DA:1,2
DA:22,13
DA:36,2
DA:38,35
DA:39,35
DA:40,35
DA:41,35
DA:48,37
DA:49,37
DA:52,37
DA:54,37
DA:55,10
DA:58,10
DA:66,10
DA:75,27
DA:78,27
DA:79,27
DA:82,27
DA:87,27
DA:99,13
DA:100,13
DA:103,13
DA:105,13
DA:106,3
DA:109,3
DA:117,3
DA:126,10
DA:129,10
DA:130,10
DA:133,10
DA:138,10
DA:151,14
DA:159,4
LF:33
LH:33
BRDA:54,0,0,10
BRDA:105,1,0,3
BRF:2
BRH:2
end_of_record
TN:
SF:src\domain\models\error-event.model.ts
FN:51,(anonymous_0)
FNF:1
FNH:1
FNDA:6,(anonymous_0)
DA:51,6
DA:53,6
DA:54,6
DA:55,6
DA:56,6
DA:59,6
DA:60,6
DA:61,6
DA:64,6
DA:65,6
DA:68,6
DA:69,6
DA:70,6
DA:73,6
LF:14
LH:14
BRDA:51,0,0,6
BRDA:51,0,1,6
BRF:2
BRH:2
end_of_record
TN:
SF:src\domain\models\index.ts
FN:6,(anonymous_0)
FN:13,(anonymous_1)
FN:21,(anonymous_2)
FNF:3
FNH:1
FNDA:1193,(anonymous_0)
FNDA:0,(anonymous_1)
FNDA:0,(anonymous_2)
DA:2,6
DA:6,1199
DA:10,6
DA:13,6
DA:17,6
DA:21,6
LF:6
LH:6
BRF:0
BRH:0
end_of_record
TN:
SF:src\domain\models\order-event.model.ts
FN:81,(anonymous_0)
FNF:1
FNH:1
FNDA:6,(anonymous_0)
DA:81,6
DA:82,6
DA:83,6
DA:84,6
DA:85,6
LF:5
LH:5
BRDA:81,0,0,6
BRDA:81,0,1,6
BRF:2
BRH:2
end_of_record
TN:
SF:src\domain\models\partner-input.model.ts
FN:50,(anonymous_0)
FNF:1
FNH:1
FNDA:6,(anonymous_0)
DA:50,6
DA:51,6
DA:52,6
LF:3
LH:3
BRDA:50,0,0,6
BRDA:50,0,1,6
BRF:2
BRH:2
end_of_record
TN:
SF:src\domain\ports\index.ts
FN:3,(anonymous_0)
FN:8,(anonymous_1)
FNF:2
FNH:2
FNDA:89,(anonymous_0)
FNDA:1042,(anonymous_1)
DA:1,4
DA:3,93
DA:8,1046
LF:3
LH:3
BRF:0
BRH:0
end_of_record
TN:
SF:src\domain\ports\order-stream.port.ts
FN:4,(anonymous_0)
FN:9,(anonymous_1)
FNF:2
FNH:2
FNDA:1042,(anonymous_0)
FNDA:4,(anonymous_1)
DA:4,1046
DA:9,4
DA:10,4
DA:11,4
LF:4
LH:4
BRDA:9,0,0,4
BRDA:9,0,1,4
BRF:2
BRH:2
end_of_record
TN:
SF:src\domain\services\base-validator.ts
FN:6,(anonymous_0)
FN:17,(anonymous_1)
FN:24,(anonymous_2)
FN:41,(anonymous_3)
FN:48,(anonymous_4)
FN:78,(anonymous_5)
FN:109,(anonymous_6)
FN:150,(anonymous_7)
FN:160,(anonymous_8)
FN:194,(anonymous_9)
FN:225,(anonymous_10)
FN:258,(anonymous_11)
FN:269,(anonymous_12)
FNF:13
FNH:12
FNDA:150,(anonymous_0)
FNDA:124,(anonymous_1)
FNDA:86,(anonymous_2)
FNDA:787,(anonymous_3)
FNDA:819,(anonymous_4)
FNDA:300,(anonymous_5)
FNDA:100,(anonymous_6)
FNDA:0,(anonymous_7)
FNDA:63,(anonymous_8)
FNDA:37,(anonymous_9)
FNDA:100,(anonymous_10)
FNDA:57,(anonymous_11)
FNDA:67,(anonymous_12)
DA:6,5
DA:7,150
DA:18,124
DA:30,86
DA:42,787
DA:52,819
DA:53,32
DA:59,32
DA:62,787
DA:63,4
DA:69,4
DA:72,783
DA:83,300
DA:84,2
DA:90,2
DA:93,298
DA:94,5
DA:100,5
DA:103,293
DA:114,100
DA:115,1
DA:121,1
DA:124,99
DA:125,4
DA:131,4
DA:134,95
DA:135,0
DA:141,0
DA:144,95
DA:154,0
DA:164,63
DA:165,1
DA:171,1
DA:175,62
DA:176,62
DA:178,62
DA:179,1
DA:185,1
DA:188,61
DA:198,37
DA:199,1
DA:205,1
DA:208,36
DA:209,36
DA:210,2
DA:216,2
DA:219,34
DA:230,100
DA:231,0
DA:237,0
DA:240,100
DA:242,100
DA:243,4
DA:249,4
DA:252,96
DA:259,57
DA:270,67
LF:57
LH:52
BRDA:42,0,0,787
BRDA:42,0,1,783
BRDA:52,1,0,32
BRDA:62,2,0,4
BRDA:81,3,0,300
BRDA:83,4,0,2
BRDA:93,5,0,5
BRDA:112,6,0,100
BRDA:114,7,0,1
BRDA:114,8,0,100
BRDA:114,8,1,99
BRDA:124,9,0,4
BRDA:124,10,0,99
BRDA:124,10,1,99
BRDA:134,11,0,0
BRDA:134,12,0,95
BRDA:134,12,1,0
BRDA:164,13,0,1
BRDA:164,14,0,63
BRDA:164,14,1,62
BRDA:178,15,0,1
BRDA:178,16,0,62
BRDA:178,16,1,61
BRDA:198,17,0,1
BRDA:209,18,0,2
BRDA:228,19,0,0
BRDA:230,20,0,0
BRDA:230,21,0,100
BRDA:230,21,1,100
BRDA:240,22,0,37
BRDA:240,22,1,63
BRDA:242,23,0,4
BRDA:242,24,0,100
BRDA:242,24,1,98
BRDA:247,25,0,2
BRDA:247,25,1,2
BRF:36
BRH:32
end_of_record
TN:
SF:src\domain\services\order-transformer.ts
FN:29,(anonymous_0)
FN:56,(anonymous_1)
FN:78,(anonymous_2)
FN:108,(anonymous_3)
FN:116,(anonymous_4)
FN:124,(anonymous_5)
FN:144,(anonymous_6)
FN:151,(anonymous_7)
FN:158,(anonymous_8)
FN:165,(anonymous_9)
FN:172,(anonymous_10)
FN:179,(anonymous_11)
FN:186,(anonymous_12)
FNF:13
FNH:13
FNDA:46,(anonymous_0)
FNDA:20,(anonymous_1)
FNDA:66,(anonymous_2)
FNDA:19,(anonymous_3)
FNDA:10,(anonymous_4)
FNDA:3,(anonymous_5)
FNDA:46,(anonymous_6)
FNDA:20,(anonymous_7)
FNDA:20,(anonymous_8)
FNDA:66,(anonymous_9)
FNDA:66,(anonymous_10)
FNDA:66,(anonymous_11)
FNDA:264,(anonymous_12)
DA:1,3
DA:2,3
DA:21,3
DA:30,46
DA:57,20
DA:82,66
DA:83,66
DA:84,66
DA:86,66
DA:109,19
DA:110,19
DA:117,10
DA:118,10
DA:129,3
DA:131,1
DA:133,1
DA:135,1
DA:145,46
DA:152,20
DA:159,20
DA:166,66
DA:173,66
DA:180,66
DA:187,264
LF:24
LH:24
BRDA:66,0,0,1
BRDA:66,0,1,19
BRDA:129,1,0,1
BRDA:129,1,1,1
BRDA:129,1,2,1
BRF:5
BRH:5
end_of_record
TN:
SF:src\domain\services\partner-a-validator.ts
FN:21,(anonymous_0)
FN:88,(anonymous_1)
FNF:2
FNH:2
FNDA:76,(anonymous_0)
FNDA:63,(anonymous_1)
DA:2,4
DA:17,4
DA:22,76
DA:25,76
DA:26,4
DA:27,4
DA:30,72
DA:33,72
DA:34,72
DA:35,72
DA:36,72
DA:37,72
DA:38,72
DA:39,72
DA:42,72
DA:44,9
DA:48,63
DA:49,63
DA:50,63
DA:51,63
DA:52,63
DA:53,63
DA:54,63
DA:57,63
DA:59,25
DA:63,38
DA:64,2
DA:65,1
DA:66,1
DA:71,37
DA:82,37
DA:89,63
DA:90,2
DA:96,2
DA:99,61
DA:100,1
DA:106,1
DA:109,60
DA:110,11
DA:116,11
DA:119,49
LF:41
LH:41
BRDA:25,0,0,4
BRDA:25,1,0,76
BRDA:25,1,1,74
BRDA:25,1,2,73
BRDA:42,2,0,9
BRDA:42,3,0,72
BRDA:42,3,1,70
BRDA:42,3,2,66
BRDA:42,3,3,65
BRDA:42,3,4,63
BRDA:42,3,5,63
BRDA:42,3,6,63
BRDA:57,4,0,25
BRDA:57,5,0,63
BRDA:57,5,1,59
BRDA:57,5,2,59
BRDA:57,5,3,59
BRDA:57,5,4,45
BRDA:57,5,5,42
BRDA:57,5,6,40
BRDA:63,6,0,2
BRDA:63,7,0,38
BRDA:63,7,1,2
BRDA:64,8,0,1
BRDA:64,9,0,2
BRDA:64,9,1,2
BRDA:79,10,0,37
BRDA:79,10,1,1
BRDA:89,11,0,2
BRDA:89,12,0,63
BRDA:89,12,1,62
BRDA:99,13,0,1
BRDA:109,14,0,11
BRF:33
BRH:33
end_of_record
TN:
SF:src\domain\services\partner-b-validator.ts
FN:21,(anonymous_0)
FN:88,(anonymous_1)
FNF:2
FNH:2
FNDA:48,(anonymous_0)
FNDA:37,(anonymous_1)
DA:2,4
DA:17,4
DA:22,48
DA:25,48
DA:26,3
DA:27,3
DA:30,45
DA:33,45
DA:34,45
DA:35,45
DA:36,45
DA:37,45
DA:38,45
DA:39,45
DA:42,45
DA:44,8
DA:48,37
DA:49,37
DA:50,37
DA:51,37
DA:52,37
DA:53,37
DA:54,37
DA:57,37
DA:59,16
DA:63,21
DA:64,2
DA:65,1
DA:66,1
DA:71,20
DA:82,20
DA:89,37
DA:90,1
DA:96,1
DA:99,36
DA:100,1
DA:106,1
DA:109,35
DA:110,4
DA:116,4
DA:119,31
LF:41
LH:41
BRDA:25,0,0,3
BRDA:25,1,0,48
BRDA:25,1,1,46
BRDA:25,1,2,46
BRDA:42,2,0,8
BRDA:42,3,0,45
BRDA:42,3,1,43
BRDA:42,3,2,41
BRDA:42,3,3,40
BRDA:42,3,4,38
BRDA:42,3,5,38
BRDA:42,3,6,38
BRDA:57,4,0,16
BRDA:57,5,0,37
BRDA:57,5,1,34
BRDA:57,5,2,34
BRDA:57,5,3,34
BRDA:57,5,4,28
BRDA:57,5,5,26
BRDA:57,5,6,24
BRDA:63,6,0,2
BRDA:63,7,0,21
BRDA:63,7,1,2
BRDA:64,8,0,1
BRDA:79,9,0,20
BRDA:79,9,1,1
BRDA:89,10,0,1
BRDA:89,11,0,37
BRDA:89,11,1,36
BRDA:99,12,0,1
BRDA:109,13,0,4
BRF:31
BRH:31
end_of_record
TN:
SF:src\domain\services\validation-service.ts
FN:20,(anonymous_0)
FN:28,(anonymous_1)
FN:35,(anonymous_2)
FN:42,(anonymous_3)
FN:67,(anonymous_4)
FN:71,(anonymous_5)
FNF:6
FNH:6
FNDA:44,(anonymous_0)
FNDA:43,(anonymous_1)
FNDA:16,(anonymous_2)
FNDA:6,(anonymous_3)
FNDA:2,(anonymous_4)
FNDA:3,(anonymous_5)
DA:1,3
DA:7,3
DA:8,3
DA:16,3
DA:21,44
DA:22,44
DA:29,43
DA:36,16
DA:46,6
DA:48,4
DA:50,1
DA:52,1
DA:71,3
LF:13
LH:13
BRDA:46,0,0,4
BRDA:46,0,1,1
BRDA:46,0,2,1
BRF:3
BRH:3
end_of_record
TN:
SF:src\infrastructure\adapters\in-memory-order-stream.ts
FN:21,(anonymous_0)
FN:30,(anonymous_1)
FN:38,(anonymous_2)
FN:46,(anonymous_3)
FN:53,(anonymous_4)
FN:60,(anonymous_5)
FN:67,(anonymous_6)
FN:74,(anonymous_7)
FN:81,(anonymous_8)
FN:88,(anonymous_9)
FN:95,(anonymous_10)
FN:102,(anonymous_11)
FN:110,(anonymous_12)
FNF:13
FNH:13
FNDA:48,(anonymous_0)
FNDA:44,(anonymous_1)
FNDA:18,(anonymous_2)
FNDA:10,(anonymous_3)
FNDA:6,(anonymous_4)
FNDA:2,(anonymous_5)
FNDA:1,(anonymous_6)
FNDA:5,(anonymous_7)
FNDA:3,(anonymous_8)
FNDA:11,(anonymous_9)
FNDA:9,(anonymous_10)
FNDA:16,(anonymous_11)
FNDA:49,(anonymous_12)
DA:1,3
DA:2,3
DA:16,3
DA:18,48
DA:19,48
DA:22,48
DA:24,48
DA:31,44
DA:32,44
DA:39,18
DA:40,18
DA:47,10
DA:54,6
DA:61,2
DA:68,1
DA:75,5
DA:82,3
DA:89,11
DA:96,9
DA:103,16
DA:104,16
DA:111,49
LF:22
LH:22
BRF:0
BRH:0
end_of_record
TN:
SF:src\infrastructure\adapters\in-memory-sequence-manager.ts
FN:8,(anonymous_0)
FN:15,(anonymous_1)
FN:26,(anonymous_2)
FN:33,(anonymous_3)
FN:40,(anonymous_4)
FNF:5
FNH:5
FNDA:43,(anonymous_0)
FNDA:1058,(anonymous_1)
FNDA:9,(anonymous_2)
FNDA:1,(anonymous_3)
FNDA:16,(anonymous_4)
DA:8,3
DA:9,43
DA:16,1058
DA:17,1058
DA:18,1058
DA:19,1058
DA:27,9
DA:34,1
DA:41,16
LF:9
LH:9
BRDA:16,0,0,1058
BRDA:16,0,1,37
BRDA:27,1,0,9
BRDA:27,1,1,4
BRF:4
BRH:4
end_of_record
TN:
SF:src\infrastructure\adapters\index.ts
FN:1,(anonymous_0)
FN:2,(anonymous_1)
FNF:2
FNH:2
FNDA:15,(anonymous_0)
FNDA:15,(anonymous_1)
DA:1,16
DA:2,16
LF:2
LH:2
BRF:0
BRH:0
end_of_record
TN:
SF:src\infrastructure\http\error-handler.ts
FN:17,(anonymous_0)
FN:32,errorHandler
FN:73,notFoundHandler
FNF:3
FNH:2
FNDA:0,(anonymous_0)
FNDA:1,errorHandler
FNDA:1,notFoundHandler
DA:16,1
DA:19,0
DA:20,0
DA:21,0
DA:23,0
DA:24,0
DA:25,0
DA:32,1
DA:38,1
DA:40,1
DA:41,0
DA:47,0
DA:48,0
DA:52,1
DA:53,1
DA:57,1
DA:61,0
DA:67,0
DA:73,1
DA:74,1
LF:20
LH:9
BRDA:19,0,0,0
BRDA:40,1,0,0
BRDA:52,2,0,1
BRDA:52,3,0,1
BRDA:52,3,1,1
BRDA:63,4,0,0
BRDA:63,4,1,0
BRF:7
BRH:3
end_of_record
TN:
SF:src\infrastructure\http\feed-router.ts
FN:38,createFeedRouter
FN:45,(anonymous_1)
FN:86,(anonymous_2)
FN:127,(anonymous_3)
FN:143,(anonymous_4)
FN:144,(anonymous_5)
FN:145,(anonymous_6)
FN:172,(anonymous_7)
FN:188,(anonymous_8)
FN:189,(anonymous_9)
FN:190,(anonymous_10)
FNF:11
FNH:11
FNDA:15,createFeedRouter
FNDA:7,(anonymous_1)
FNDA:3,(anonymous_2)
FNDA:3,(anonymous_3)
FNDA:6,(anonymous_4)
FNDA:6,(anonymous_5)
FNDA:6,(anonymous_6)
FNDA:2,(anonymous_7)
FNDA:2,(anonymous_8)
FNDA:2,(anonymous_9)
FNDA:2,(anonymous_10)
DA:1,1
DA:38,1
DA:39,15
DA:45,15
DA:46,7
DA:47,7
DA:50,7
DA:51,0
DA:55,0
DA:58,7
DA:60,7
DA:61,6
DA:67,6
DA:69,1
DA:75,1
DA:78,0
DA:86,15
DA:87,3
DA:88,3
DA:91,3
DA:92,0
DA:96,0
DA:99,3
DA:101,3
DA:102,2
DA:108,2
DA:110,1
DA:116,1
DA:119,0
DA:127,15
DA:128,3
DA:129,3
DA:131,3
DA:132,1
DA:136,1
DA:139,2
DA:141,2
DA:143,6
DA:144,6
DA:146,6
DA:162,2
DA:164,0
DA:172,15
DA:173,2
DA:174,2
DA:176,2
DA:177,1
DA:181,1
DA:184,1
DA:186,1
DA:188,2
DA:189,2
DA:191,2
DA:207,1
DA:209,0
DA:213,15
LF:56
LH:48
BRDA:50,0,0,0
BRDA:50,1,0,7
BRDA:50,1,1,7
BRDA:60,2,0,6
BRDA:60,2,1,1
BRDA:73,3,0,1
BRDA:73,3,1,0
BRDA:91,4,0,0
BRDA:91,5,0,3
BRDA:91,5,1,3
BRDA:101,6,0,2
BRDA:101,6,1,1
BRDA:114,7,0,1
BRDA:114,7,1,0
BRDA:131,8,0,1
BRDA:146,9,0,5
BRDA:146,9,1,1
BRDA:157,10,0,1
BRDA:157,10,1,0
BRDA:176,11,0,1
BRDA:191,12,0,2
BRDA:191,12,1,0
BRDA:202,13,0,0
BRDA:202,13,1,0
BRF:24
BRH:16
end_of_record
TN:
SF:src\infrastructure\http\index.ts
FN:1,(anonymous_0)
FN:2,(anonymous_1)
FN:2,(anonymous_2)
FN:2,(anonymous_3)
FNF:4
FNH:3
FNDA:15,(anonymous_0)
FNDA:15,(anonymous_1)
FNDA:15,(anonymous_2)
FNDA:0,(anonymous_3)
DA:1,16
DA:2,16
LF:2
LH:2
BRF:0
BRH:0
end_of_record
